2018-03-20 16:39:37,463 [Worker-1] INFO  c.g.t.t.d.PublishedGradleVersions - Gradle version information cache is up-to-date. Trying to read.
2018-03-20 18:15:30,596 [Worker-3] INFO  c.g.t.t.d.PublishedGradleVersions - Gradle version information cache is up-to-date. Trying to read.
2018-03-21 16:10:43,465 [Worker-5] INFO  c.g.t.t.d.PublishedGradleVersions - Gradle version information cache is out-of-date. Trying to update.
2018-03-22 00:42:16,323 [Worker-5] INFO  c.g.t.t.d.PublishedGradleVersions - Gradle version information cache is up-to-date. Trying to read.
2018-03-22 00:52:31,678 [Worker-1] INFO  c.g.t.t.d.PublishedGradleVersions - Gradle version information cache is up-to-date. Trying to read.
2018-03-27 16:48:16,272 [Worker-1] INFO  c.g.t.t.d.PublishedGradleVersions - Gradle version information cache is out-of-date. Trying to update.
2018-03-28 16:53:23,649 [Worker-3] INFO  c.g.t.t.d.PublishedGradleVersions - Gradle version information cache is out-of-date. Trying to update.
2018-03-28 20:29:58,580 [Worker-0] INFO  c.g.t.t.d.PublishedGradleVersions - Gradle version information cache is up-to-date. Trying to read.
2018-03-29 09:24:02,748 [Worker-0] INFO  c.g.t.t.d.PublishedGradleVersions - Gradle version information cache is up-to-date. Trying to read.
2018-03-29 16:40:08,705 [Worker-1] INFO  c.g.t.t.d.PublishedGradleVersions - Gradle version information cache is up-to-date. Trying to read.
2018-04-03 16:39:59,780 [Worker-5] INFO  c.g.t.t.d.PublishedGradleVersions - Gradle version information cache is out-of-date. Trying to update.
2018-04-03 22:30:15,679 [Worker-4] INFO  c.g.t.t.d.PublishedGradleVersions - Gradle version information cache is up-to-date. Trying to read.
2018-04-04 22:56:25,777 [Worker-5] INFO  c.g.t.t.d.PublishedGradleVersions - Gradle version information cache is out-of-date. Trying to update.
2018-04-05 15:09:56,781 [Worker-3] INFO  c.g.t.t.d.PublishedGradleVersions - Gradle version information cache is up-to-date. Trying to read.
2018-04-05 20:21:21,276 [Worker-4] INFO  c.g.t.t.d.PublishedGradleVersions - Gradle version information cache is up-to-date. Trying to read.
2018-04-06 18:25:31,358 [Worker-4] INFO  c.g.t.t.d.PublishedGradleVersions - Gradle version information cache is up-to-date. Trying to read.
2018-04-10 16:42:39,408 [Worker-5] INFO  c.g.t.t.d.PublishedGradleVersions - Gradle version information cache is out-of-date. Trying to update.
2018-04-12 15:00:16,017 [Worker-5] INFO  c.g.t.t.d.PublishedGradleVersions - Gradle version information cache is out-of-date. Trying to update.
2018-04-13 17:44:23,893 [Worker-5] INFO  c.g.t.t.d.PublishedGradleVersions - Gradle version information cache is out-of-date. Trying to update.
2018-04-14 11:05:49,452 [Worker-5] INFO  c.g.t.t.d.PublishedGradleVersions - Gradle version information cache is up-to-date. Trying to read.
2018-04-17 16:46:18,826 [Worker-3] INFO  c.g.t.t.d.PublishedGradleVersions - Gradle version information cache is out-of-date. Trying to update.
2018-04-19 02:31:28,348 [Worker-5] INFO  c.g.t.t.d.PublishedGradleVersions - Gradle version information cache is out-of-date. Trying to update.
2018-04-24 19:26:12,114 [Worker-5] INFO  c.g.t.t.d.PublishedGradleVersions - Gradle version information cache is out-of-date. Trying to update.
2018-04-24 23:07:45,318 [Worker-3] INFO  c.g.t.t.d.PublishedGradleVersions - Gradle version information cache is up-to-date. Trying to read.
2018-04-25 15:55:35,654 [Worker-5] INFO  c.g.t.t.d.PublishedGradleVersions - Gradle version information cache is up-to-date. Trying to read.
2018-05-01 16:39:08,052 [Worker-3] INFO  c.g.t.t.d.PublishedGradleVersions - Gradle version information cache is out-of-date. Trying to update.
2018-05-01 19:39:37,899 [Worker-3] INFO  c.g.t.t.d.PublishedGradleVersions - Gradle version information cache is up-to-date. Trying to read.
2018-05-08 16:35:58,626 [Worker-3] INFO  c.g.t.t.d.PublishedGradleVersions - Gradle version information cache is out-of-date. Trying to update.
2018-05-10 21:11:16,150 [Worker-0] INFO  c.g.t.t.d.PublishedGradleVersions - Gradle version information cache is out-of-date. Trying to update.
2018-05-15 17:25:11,894 [Worker-1] INFO  c.g.t.t.d.PublishedGradleVersions - Gradle version information cache is out-of-date. Trying to update.
2018-05-29 16:45:46,511 [Worker-0] INFO  c.g.t.t.d.PublishedGradleVersions - Gradle version information cache is out-of-date. Trying to update.
2018-05-29 16:45:47,205 [Worker-0] ERROR c.g.t.t.d.PublishedGradleVersions - Cannot write Gradle version information cache file.
java.io.FileNotFoundException: C:\Users\USER\.tooling\gradle\versions.json (액세스가 거부되었습니다)
	at java.io.FileOutputStream.open0(Native Method) ~[na:1.8.0_161]
	at java.io.FileOutputStream.open(FileOutputStream.java:270) ~[na:1.8.0_161]
	at java.io.FileOutputStream.<init>(FileOutputStream.java:213) ~[na:1.8.0_161]
	at com.google.common.io.Files$FileByteSink.openStream(Files.java:245) ~[com.google.guava_15.0.0.v201403281430.jar:na]
	at com.google.common.io.Files$FileByteSink.openStream(Files.java:233) ~[com.google.guava_15.0.0.v201403281430.jar:na]
	at com.google.common.io.ByteSink$AsCharSink.openStream(ByteSink.java:158) ~[com.google.guava_15.0.0.v201403281430.jar:na]
	at com.google.common.io.CharSource.copyTo(CharSource.java:138) ~[com.google.guava_15.0.0.v201403281430.jar:na]
	at com.gradleware.tooling.toolingutils.distribution.PublishedGradleVersions.storeCacheVersionsFile(PublishedGradleVersions.java:194) [com.gradleware.tooling.utils_0.19.3.v20170801075239.jar:na]
	at com.gradleware.tooling.toolingutils.distribution.PublishedGradleVersions.tryToDownloadAndCacheVersions(PublishedGradleVersions.java:160) [com.gradleware.tooling.utils_0.19.3.v20170801075239.jar:na]
	at com.gradleware.tooling.toolingutils.distribution.PublishedGradleVersions.tryToUpdateOutdatedVersionsFile(PublishedGradleVersions.java:143) [com.gradleware.tooling.utils_0.19.3.v20170801075239.jar:na]
	at com.gradleware.tooling.toolingutils.distribution.PublishedGradleVersions.create(PublishedGradleVersions.java:127) [com.gradleware.tooling.utils_0.19.3.v20170801075239.jar:na]
	at org.eclipse.buildship.core.util.gradle.PublishedGradleVersionsWrapper$LoadVersionsJob.run(PublishedGradleVersionsWrapper.java:66) [org.eclipse.buildship.core_2.1.2.v20170807-1324.jar:na]
	at org.eclipse.core.internal.jobs.Worker.run(Worker.java:56) [org.eclipse.core.jobs_3.9.2.v20171030-1027.jar:na]
2018-05-29 16:59:55,890 [Worker-2] INFO  c.g.t.t.d.PublishedGradleVersions - Gradle version information cache is out-of-date. Trying to update.
2018-05-29 16:59:56,695 [Worker-2] ERROR c.g.t.t.d.PublishedGradleVersions - Cannot write Gradle version information cache file.
java.io.FileNotFoundException: C:\Users\USER\.tooling\gradle\versions.json (액세스가 거부되었습니다)
	at java.io.FileOutputStream.open0(Native Method) ~[na:1.8.0_161]
	at java.io.FileOutputStream.open(FileOutputStream.java:270) ~[na:1.8.0_161]
	at java.io.FileOutputStream.<init>(FileOutputStream.java:213) ~[na:1.8.0_161]
	at com.google.common.io.Files$FileByteSink.openStream(Files.java:245) ~[com.google.guava_15.0.0.v201403281430.jar:na]
	at com.google.common.io.Files$FileByteSink.openStream(Files.java:233) ~[com.google.guava_15.0.0.v201403281430.jar:na]
	at com.google.common.io.ByteSink$AsCharSink.openStream(ByteSink.java:158) ~[com.google.guava_15.0.0.v201403281430.jar:na]
	at com.google.common.io.CharSource.copyTo(CharSource.java:138) ~[com.google.guava_15.0.0.v201403281430.jar:na]
	at com.gradleware.tooling.toolingutils.distribution.PublishedGradleVersions.storeCacheVersionsFile(PublishedGradleVersions.java:194) [com.gradleware.tooling.utils_0.19.3.v20170801075239.jar:na]
	at com.gradleware.tooling.toolingutils.distribution.PublishedGradleVersions.tryToDownloadAndCacheVersions(PublishedGradleVersions.java:160) [com.gradleware.tooling.utils_0.19.3.v20170801075239.jar:na]
	at com.gradleware.tooling.toolingutils.distribution.PublishedGradleVersions.tryToUpdateOutdatedVersionsFile(PublishedGradleVersions.java:143) [com.gradleware.tooling.utils_0.19.3.v20170801075239.jar:na]
	at com.gradleware.tooling.toolingutils.distribution.PublishedGradleVersions.create(PublishedGradleVersions.java:127) [com.gradleware.tooling.utils_0.19.3.v20170801075239.jar:na]
	at org.eclipse.buildship.core.util.gradle.PublishedGradleVersionsWrapper$LoadVersionsJob.run(PublishedGradleVersionsWrapper.java:66) [org.eclipse.buildship.core_2.1.2.v20170807-1324.jar:na]
	at org.eclipse.core.internal.jobs.Worker.run(Worker.java:56) [org.eclipse.core.jobs_3.9.2.v20171030-1027.jar:na]
2018-06-02 18:20:53,080 [Worker-3] INFO  c.g.t.t.d.PublishedGradleVersions - Gradle version information cache is out-of-date. Trying to update.
2018-06-02 18:20:53,672 [Worker-3] ERROR c.g.t.t.d.PublishedGradleVersions - Cannot write Gradle version information cache file.
java.io.FileNotFoundException: C:\Users\USER\.tooling\gradle\versions.json (액세스가 거부되었습니다)
	at java.io.FileOutputStream.open0(Native Method) ~[na:1.8.0_161]
	at java.io.FileOutputStream.open(FileOutputStream.java:270) ~[na:1.8.0_161]
	at java.io.FileOutputStream.<init>(FileOutputStream.java:213) ~[na:1.8.0_161]
	at com.google.common.io.Files$FileByteSink.openStream(Files.java:245) ~[com.google.guava_15.0.0.v201403281430.jar:na]
	at com.google.common.io.Files$FileByteSink.openStream(Files.java:233) ~[com.google.guava_15.0.0.v201403281430.jar:na]
	at com.google.common.io.ByteSink$AsCharSink.openStream(ByteSink.java:158) ~[com.google.guava_15.0.0.v201403281430.jar:na]
	at com.google.common.io.CharSource.copyTo(CharSource.java:138) ~[com.google.guava_15.0.0.v201403281430.jar:na]
	at com.gradleware.tooling.toolingutils.distribution.PublishedGradleVersions.storeCacheVersionsFile(PublishedGradleVersions.java:194) [com.gradleware.tooling.utils_0.19.3.v20170801075239.jar:na]
	at com.gradleware.tooling.toolingutils.distribution.PublishedGradleVersions.tryToDownloadAndCacheVersions(PublishedGradleVersions.java:160) [com.gradleware.tooling.utils_0.19.3.v20170801075239.jar:na]
	at com.gradleware.tooling.toolingutils.distribution.PublishedGradleVersions.tryToUpdateOutdatedVersionsFile(PublishedGradleVersions.java:143) [com.gradleware.tooling.utils_0.19.3.v20170801075239.jar:na]
	at com.gradleware.tooling.toolingutils.distribution.PublishedGradleVersions.create(PublishedGradleVersions.java:127) [com.gradleware.tooling.utils_0.19.3.v20170801075239.jar:na]
	at org.eclipse.buildship.core.util.gradle.PublishedGradleVersionsWrapper$LoadVersionsJob.run(PublishedGradleVersionsWrapper.java:66) [org.eclipse.buildship.core_2.1.2.v20170807-1324.jar:na]
	at org.eclipse.core.internal.jobs.Worker.run(Worker.java:56) [org.eclipse.core.jobs_3.9.2.v20171030-1027.jar:na]
2018-06-02 22:47:49,052 [Worker-3] INFO  c.g.t.t.d.PublishedGradleVersions - Gradle version information cache is out-of-date. Trying to update.
2018-06-02 22:47:49,470 [Worker-3] ERROR c.g.t.t.d.PublishedGradleVersions - Cannot write Gradle version information cache file.
java.io.FileNotFoundException: C:\Users\USER\.tooling\gradle\versions.json (액세스가 거부되었습니다)
	at java.io.FileOutputStream.open0(Native Method) ~[na:1.8.0_161]
	at java.io.FileOutputStream.open(FileOutputStream.java:270) ~[na:1.8.0_161]
	at java.io.FileOutputStream.<init>(FileOutputStream.java:213) ~[na:1.8.0_161]
	at com.google.common.io.Files$FileByteSink.openStream(Files.java:245) ~[com.google.guava_15.0.0.v201403281430.jar:na]
	at com.google.common.io.Files$FileByteSink.openStream(Files.java:233) ~[com.google.guava_15.0.0.v201403281430.jar:na]
	at com.google.common.io.ByteSink$AsCharSink.openStream(ByteSink.java:158) ~[com.google.guava_15.0.0.v201403281430.jar:na]
	at com.google.common.io.CharSource.copyTo(CharSource.java:138) ~[com.google.guava_15.0.0.v201403281430.jar:na]
	at com.gradleware.tooling.toolingutils.distribution.PublishedGradleVersions.storeCacheVersionsFile(PublishedGradleVersions.java:194) [com.gradleware.tooling.utils_0.19.3.v20170801075239.jar:na]
	at com.gradleware.tooling.toolingutils.distribution.PublishedGradleVersions.tryToDownloadAndCacheVersions(PublishedGradleVersions.java:160) [com.gradleware.tooling.utils_0.19.3.v20170801075239.jar:na]
	at com.gradleware.tooling.toolingutils.distribution.PublishedGradleVersions.tryToUpdateOutdatedVersionsFile(PublishedGradleVersions.java:143) [com.gradleware.tooling.utils_0.19.3.v20170801075239.jar:na]
	at com.gradleware.tooling.toolingutils.distribution.PublishedGradleVersions.create(PublishedGradleVersions.java:127) [com.gradleware.tooling.utils_0.19.3.v20170801075239.jar:na]
	at org.eclipse.buildship.core.util.gradle.PublishedGradleVersionsWrapper$LoadVersionsJob.run(PublishedGradleVersionsWrapper.java:66) [org.eclipse.buildship.core_2.1.2.v20170807-1324.jar:na]
	at org.eclipse.core.internal.jobs.Worker.run(Worker.java:56) [org.eclipse.core.jobs_3.9.2.v20171030-1027.jar:na]
2018-06-02 23:19:06,848 [Worker-4] INFO  c.g.t.t.d.PublishedGradleVersions - Gradle version information cache is out-of-date. Trying to update.
2018-06-02 23:19:08,611 [Worker-4] ERROR c.g.t.t.d.PublishedGradleVersions - Cannot write Gradle version information cache file.
java.io.FileNotFoundException: C:\Users\USER\.tooling\gradle\versions.json (액세스가 거부되었습니다)
	at java.io.FileOutputStream.open0(Native Method) ~[na:1.8.0_161]
	at java.io.FileOutputStream.open(FileOutputStream.java:270) ~[na:1.8.0_161]
	at java.io.FileOutputStream.<init>(FileOutputStream.java:213) ~[na:1.8.0_161]
	at com.google.common.io.Files$FileByteSink.openStream(Files.java:245) ~[com.google.guava_15.0.0.v201403281430.jar:na]
	at com.google.common.io.Files$FileByteSink.openStream(Files.java:233) ~[com.google.guava_15.0.0.v201403281430.jar:na]
	at com.google.common.io.ByteSink$AsCharSink.openStream(ByteSink.java:158) ~[com.google.guava_15.0.0.v201403281430.jar:na]
	at com.google.common.io.CharSource.copyTo(CharSource.java:138) ~[com.google.guava_15.0.0.v201403281430.jar:na]
	at com.gradleware.tooling.toolingutils.distribution.PublishedGradleVersions.storeCacheVersionsFile(PublishedGradleVersions.java:194) [com.gradleware.tooling.utils_0.19.3.v20170801075239.jar:na]
	at com.gradleware.tooling.toolingutils.distribution.PublishedGradleVersions.tryToDownloadAndCacheVersions(PublishedGradleVersions.java:160) [com.gradleware.tooling.utils_0.19.3.v20170801075239.jar:na]
	at com.gradleware.tooling.toolingutils.distribution.PublishedGradleVersions.tryToUpdateOutdatedVersionsFile(PublishedGradleVersions.java:143) [com.gradleware.tooling.utils_0.19.3.v20170801075239.jar:na]
	at com.gradleware.tooling.toolingutils.distribution.PublishedGradleVersions.create(PublishedGradleVersions.java:127) [com.gradleware.tooling.utils_0.19.3.v20170801075239.jar:na]
	at org.eclipse.buildship.core.util.gradle.PublishedGradleVersionsWrapper$LoadVersionsJob.run(PublishedGradleVersionsWrapper.java:66) [org.eclipse.buildship.core_2.1.2.v20170807-1324.jar:na]
	at org.eclipse.core.internal.jobs.Worker.run(Worker.java:56) [org.eclipse.core.jobs_3.9.2.v20171030-1027.jar:na]
2018-06-04 17:04:06,991 [Worker-1] INFO  c.g.t.t.d.PublishedGradleVersions - Gradle version information cache is out-of-date. Trying to update.
2018-06-04 17:04:07,508 [Worker-1] ERROR c.g.t.t.d.PublishedGradleVersions - Cannot write Gradle version information cache file.
java.io.FileNotFoundException: C:\Users\USER\.tooling\gradle\versions.json (액세스가 거부되었습니다)
	at java.io.FileOutputStream.open0(Native Method) ~[na:1.8.0_161]
	at java.io.FileOutputStream.open(FileOutputStream.java:270) ~[na:1.8.0_161]
	at java.io.FileOutputStream.<init>(FileOutputStream.java:213) ~[na:1.8.0_161]
	at com.google.common.io.Files$FileByteSink.openStream(Files.java:245) ~[com.google.guava_15.0.0.v201403281430.jar:na]
	at com.google.common.io.Files$FileByteSink.openStream(Files.java:233) ~[com.google.guava_15.0.0.v201403281430.jar:na]
	at com.google.common.io.ByteSink$AsCharSink.openStream(ByteSink.java:158) ~[com.google.guava_15.0.0.v201403281430.jar:na]
	at com.google.common.io.CharSource.copyTo(CharSource.java:138) ~[com.google.guava_15.0.0.v201403281430.jar:na]
	at com.gradleware.tooling.toolingutils.distribution.PublishedGradleVersions.storeCacheVersionsFile(PublishedGradleVersions.java:194) [com.gradleware.tooling.utils_0.19.3.v20170801075239.jar:na]
	at com.gradleware.tooling.toolingutils.distribution.PublishedGradleVersions.tryToDownloadAndCacheVersions(PublishedGradleVersions.java:160) [com.gradleware.tooling.utils_0.19.3.v20170801075239.jar:na]
	at com.gradleware.tooling.toolingutils.distribution.PublishedGradleVersions.tryToUpdateOutdatedVersionsFile(PublishedGradleVersions.java:143) [com.gradleware.tooling.utils_0.19.3.v20170801075239.jar:na]
	at com.gradleware.tooling.toolingutils.distribution.PublishedGradleVersions.create(PublishedGradleVersions.java:127) [com.gradleware.tooling.utils_0.19.3.v20170801075239.jar:na]
	at org.eclipse.buildship.core.util.gradle.PublishedGradleVersionsWrapper$LoadVersionsJob.run(PublishedGradleVersionsWrapper.java:66) [org.eclipse.buildship.core_2.1.2.v20170807-1324.jar:na]
	at org.eclipse.core.internal.jobs.Worker.run(Worker.java:56) [org.eclipse.core.jobs_3.9.2.v20171030-1027.jar:na]
2018-06-05 00:09:19,848 [Worker-5] INFO  c.g.t.t.d.PublishedGradleVersions - Gradle version information cache is out-of-date. Trying to update.
2018-06-05 00:09:20,289 [Worker-5] ERROR c.g.t.t.d.PublishedGradleVersions - Cannot write Gradle version information cache file.
java.io.FileNotFoundException: C:\Users\USER\.tooling\gradle\versions.json (액세스가 거부되었습니다)
	at java.io.FileOutputStream.open0(Native Method) ~[na:1.8.0_161]
	at java.io.FileOutputStream.open(FileOutputStream.java:270) ~[na:1.8.0_161]
	at java.io.FileOutputStream.<init>(FileOutputStream.java:213) ~[na:1.8.0_161]
	at com.google.common.io.Files$FileByteSink.openStream(Files.java:245) ~[com.google.guava_15.0.0.v201403281430.jar:na]
	at com.google.common.io.Files$FileByteSink.openStream(Files.java:233) ~[com.google.guava_15.0.0.v201403281430.jar:na]
	at com.google.common.io.ByteSink$AsCharSink.openStream(ByteSink.java:158) ~[com.google.guava_15.0.0.v201403281430.jar:na]
	at com.google.common.io.CharSource.copyTo(CharSource.java:138) ~[com.google.guava_15.0.0.v201403281430.jar:na]
	at com.gradleware.tooling.toolingutils.distribution.PublishedGradleVersions.storeCacheVersionsFile(PublishedGradleVersions.java:194) [com.gradleware.tooling.utils_0.19.3.v20170801075239.jar:na]
	at com.gradleware.tooling.toolingutils.distribution.PublishedGradleVersions.tryToDownloadAndCacheVersions(PublishedGradleVersions.java:160) [com.gradleware.tooling.utils_0.19.3.v20170801075239.jar:na]
	at com.gradleware.tooling.toolingutils.distribution.PublishedGradleVersions.tryToUpdateOutdatedVersionsFile(PublishedGradleVersions.java:143) [com.gradleware.tooling.utils_0.19.3.v20170801075239.jar:na]
	at com.gradleware.tooling.toolingutils.distribution.PublishedGradleVersions.create(PublishedGradleVersions.java:127) [com.gradleware.tooling.utils_0.19.3.v20170801075239.jar:na]
	at org.eclipse.buildship.core.util.gradle.PublishedGradleVersionsWrapper$LoadVersionsJob.run(PublishedGradleVersionsWrapper.java:66) [org.eclipse.buildship.core_2.1.2.v20170807-1324.jar:na]
	at org.eclipse.core.internal.jobs.Worker.run(Worker.java:56) [org.eclipse.core.jobs_3.9.2.v20171030-1027.jar:na]
2018-06-05 02:57:09,675 [Worker-4] INFO  c.g.t.t.d.PublishedGradleVersions - Gradle version information cache is out-of-date. Trying to update.
2018-06-05 02:57:10,159 [Worker-4] ERROR c.g.t.t.d.PublishedGradleVersions - Cannot write Gradle version information cache file.
java.io.FileNotFoundException: C:\Users\USER\.tooling\gradle\versions.json (액세스가 거부되었습니다)
	at java.io.FileOutputStream.open0(Native Method) ~[na:1.8.0_161]
	at java.io.FileOutputStream.open(FileOutputStream.java:270) ~[na:1.8.0_161]
	at java.io.FileOutputStream.<init>(FileOutputStream.java:213) ~[na:1.8.0_161]
	at com.google.common.io.Files$FileByteSink.openStream(Files.java:245) ~[com.google.guava_15.0.0.v201403281430.jar:na]
	at com.google.common.io.Files$FileByteSink.openStream(Files.java:233) ~[com.google.guava_15.0.0.v201403281430.jar:na]
	at com.google.common.io.ByteSink$AsCharSink.openStream(ByteSink.java:158) ~[com.google.guava_15.0.0.v201403281430.jar:na]
	at com.google.common.io.CharSource.copyTo(CharSource.java:138) ~[com.google.guava_15.0.0.v201403281430.jar:na]
	at com.gradleware.tooling.toolingutils.distribution.PublishedGradleVersions.storeCacheVersionsFile(PublishedGradleVersions.java:194) [com.gradleware.tooling.utils_0.19.3.v20170801075239.jar:na]
	at com.gradleware.tooling.toolingutils.distribution.PublishedGradleVersions.tryToDownloadAndCacheVersions(PublishedGradleVersions.java:160) [com.gradleware.tooling.utils_0.19.3.v20170801075239.jar:na]
	at com.gradleware.tooling.toolingutils.distribution.PublishedGradleVersions.tryToUpdateOutdatedVersionsFile(PublishedGradleVersions.java:143) [com.gradleware.tooling.utils_0.19.3.v20170801075239.jar:na]
	at com.gradleware.tooling.toolingutils.distribution.PublishedGradleVersions.create(PublishedGradleVersions.java:127) [com.gradleware.tooling.utils_0.19.3.v20170801075239.jar:na]
	at org.eclipse.buildship.core.util.gradle.PublishedGradleVersionsWrapper$LoadVersionsJob.run(PublishedGradleVersionsWrapper.java:66) [org.eclipse.buildship.core_2.1.2.v20170807-1324.jar:na]
	at org.eclipse.core.internal.jobs.Worker.run(Worker.java:56) [org.eclipse.core.jobs_3.9.2.v20171030-1027.jar:na]
2018-06-05 16:35:27,110 [Worker-5] INFO  c.g.t.t.d.PublishedGradleVersions - Gradle version information cache is out-of-date. Trying to update.
2018-06-05 16:35:27,634 [Worker-5] ERROR c.g.t.t.d.PublishedGradleVersions - Cannot write Gradle version information cache file.
java.io.FileNotFoundException: C:\Users\USER\.tooling\gradle\versions.json (액세스가 거부되었습니다)
	at java.io.FileOutputStream.open0(Native Method) ~[na:1.8.0_161]
	at java.io.FileOutputStream.open(FileOutputStream.java:270) ~[na:1.8.0_161]
	at java.io.FileOutputStream.<init>(FileOutputStream.java:213) ~[na:1.8.0_161]
	at com.google.common.io.Files$FileByteSink.openStream(Files.java:245) ~[com.google.guava_15.0.0.v201403281430.jar:na]
	at com.google.common.io.Files$FileByteSink.openStream(Files.java:233) ~[com.google.guava_15.0.0.v201403281430.jar:na]
	at com.google.common.io.ByteSink$AsCharSink.openStream(ByteSink.java:158) ~[com.google.guava_15.0.0.v201403281430.jar:na]
	at com.google.common.io.CharSource.copyTo(CharSource.java:138) ~[com.google.guava_15.0.0.v201403281430.jar:na]
	at com.gradleware.tooling.toolingutils.distribution.PublishedGradleVersions.storeCacheVersionsFile(PublishedGradleVersions.java:194) [com.gradleware.tooling.utils_0.19.3.v20170801075239.jar:na]
	at com.gradleware.tooling.toolingutils.distribution.PublishedGradleVersions.tryToDownloadAndCacheVersions(PublishedGradleVersions.java:160) [com.gradleware.tooling.utils_0.19.3.v20170801075239.jar:na]
	at com.gradleware.tooling.toolingutils.distribution.PublishedGradleVersions.tryToUpdateOutdatedVersionsFile(PublishedGradleVersions.java:143) [com.gradleware.tooling.utils_0.19.3.v20170801075239.jar:na]
	at com.gradleware.tooling.toolingutils.distribution.PublishedGradleVersions.create(PublishedGradleVersions.java:127) [com.gradleware.tooling.utils_0.19.3.v20170801075239.jar:na]
	at org.eclipse.buildship.core.util.gradle.PublishedGradleVersionsWrapper$LoadVersionsJob.run(PublishedGradleVersionsWrapper.java:66) [org.eclipse.buildship.core_2.1.2.v20170807-1324.jar:na]
	at org.eclipse.core.internal.jobs.Worker.run(Worker.java:56) [org.eclipse.core.jobs_3.9.2.v20171030-1027.jar:na]
2018-06-05 16:53:33,339 [Worker-3] INFO  c.g.t.t.d.PublishedGradleVersions - Gradle version information cache is out-of-date. Trying to update.
2018-06-05 16:53:33,878 [Worker-3] ERROR c.g.t.t.d.PublishedGradleVersions - Cannot write Gradle version information cache file.
java.io.FileNotFoundException: C:\Users\USER\.tooling\gradle\versions.json (액세스가 거부되었습니다)
	at java.io.FileOutputStream.open0(Native Method) ~[na:1.8.0_161]
	at java.io.FileOutputStream.open(FileOutputStream.java:270) ~[na:1.8.0_161]
	at java.io.FileOutputStream.<init>(FileOutputStream.java:213) ~[na:1.8.0_161]
	at com.google.common.io.Files$FileByteSink.openStream(Files.java:245) ~[com.google.guava_15.0.0.v201403281430.jar:na]
	at com.google.common.io.Files$FileByteSink.openStream(Files.java:233) ~[com.google.guava_15.0.0.v201403281430.jar:na]
	at com.google.common.io.ByteSink$AsCharSink.openStream(ByteSink.java:158) ~[com.google.guava_15.0.0.v201403281430.jar:na]
	at com.google.common.io.CharSource.copyTo(CharSource.java:138) ~[com.google.guava_15.0.0.v201403281430.jar:na]
	at com.gradleware.tooling.toolingutils.distribution.PublishedGradleVersions.storeCacheVersionsFile(PublishedGradleVersions.java:194) [com.gradleware.tooling.utils_0.19.3.v20170801075239.jar:na]
	at com.gradleware.tooling.toolingutils.distribution.PublishedGradleVersions.tryToDownloadAndCacheVersions(PublishedGradleVersions.java:160) [com.gradleware.tooling.utils_0.19.3.v20170801075239.jar:na]
	at com.gradleware.tooling.toolingutils.distribution.PublishedGradleVersions.tryToUpdateOutdatedVersionsFile(PublishedGradleVersions.java:143) [com.gradleware.tooling.utils_0.19.3.v20170801075239.jar:na]
	at com.gradleware.tooling.toolingutils.distribution.PublishedGradleVersions.create(PublishedGradleVersions.java:127) [com.gradleware.tooling.utils_0.19.3.v20170801075239.jar:na]
	at org.eclipse.buildship.core.util.gradle.PublishedGradleVersionsWrapper$LoadVersionsJob.run(PublishedGradleVersionsWrapper.java:66) [org.eclipse.buildship.core_2.1.2.v20170807-1324.jar:na]
	at org.eclipse.core.internal.jobs.Worker.run(Worker.java:56) [org.eclipse.core.jobs_3.9.2.v20171030-1027.jar:na]
2018-06-05 16:58:51,449 [Worker-5] INFO  c.g.t.t.d.PublishedGradleVersions - Gradle version information cache is out-of-date. Trying to update.
2018-06-05 16:58:51,958 [Worker-5] ERROR c.g.t.t.d.PublishedGradleVersions - Cannot write Gradle version information cache file.
java.io.FileNotFoundException: C:\Users\USER\.tooling\gradle\versions.json (액세스가 거부되었습니다)
	at java.io.FileOutputStream.open0(Native Method) ~[na:1.8.0_161]
	at java.io.FileOutputStream.open(FileOutputStream.java:270) ~[na:1.8.0_161]
	at java.io.FileOutputStream.<init>(FileOutputStream.java:213) ~[na:1.8.0_161]
	at com.google.common.io.Files$FileByteSink.openStream(Files.java:245) ~[com.google.guava_15.0.0.v201403281430.jar:na]
	at com.google.common.io.Files$FileByteSink.openStream(Files.java:233) ~[com.google.guava_15.0.0.v201403281430.jar:na]
	at com.google.common.io.ByteSink$AsCharSink.openStream(ByteSink.java:158) ~[com.google.guava_15.0.0.v201403281430.jar:na]
	at com.google.common.io.CharSource.copyTo(CharSource.java:138) ~[com.google.guava_15.0.0.v201403281430.jar:na]
	at com.gradleware.tooling.toolingutils.distribution.PublishedGradleVersions.storeCacheVersionsFile(PublishedGradleVersions.java:194) [com.gradleware.tooling.utils_0.19.3.v20170801075239.jar:na]
	at com.gradleware.tooling.toolingutils.distribution.PublishedGradleVersions.tryToDownloadAndCacheVersions(PublishedGradleVersions.java:160) [com.gradleware.tooling.utils_0.19.3.v20170801075239.jar:na]
	at com.gradleware.tooling.toolingutils.distribution.PublishedGradleVersions.tryToUpdateOutdatedVersionsFile(PublishedGradleVersions.java:143) [com.gradleware.tooling.utils_0.19.3.v20170801075239.jar:na]
	at com.gradleware.tooling.toolingutils.distribution.PublishedGradleVersions.create(PublishedGradleVersions.java:127) [com.gradleware.tooling.utils_0.19.3.v20170801075239.jar:na]
	at org.eclipse.buildship.core.util.gradle.PublishedGradleVersionsWrapper$LoadVersionsJob.run(PublishedGradleVersionsWrapper.java:66) [org.eclipse.buildship.core_2.1.2.v20170807-1324.jar:na]
	at org.eclipse.core.internal.jobs.Worker.run(Worker.java:56) [org.eclipse.core.jobs_3.9.2.v20171030-1027.jar:na]
2018-06-05 17:02:47,024 [Worker-3] INFO  c.g.t.t.d.PublishedGradleVersions - Gradle version information cache is out-of-date. Trying to update.
2018-06-05 17:02:47,602 [Worker-3] ERROR c.g.t.t.d.PublishedGradleVersions - Cannot write Gradle version information cache file.
java.io.FileNotFoundException: C:\Users\USER\.tooling\gradle\versions.json (액세스가 거부되었습니다)
	at java.io.FileOutputStream.open0(Native Method) ~[na:1.8.0_161]
	at java.io.FileOutputStream.open(FileOutputStream.java:270) ~[na:1.8.0_161]
	at java.io.FileOutputStream.<init>(FileOutputStream.java:213) ~[na:1.8.0_161]
	at com.google.common.io.Files$FileByteSink.openStream(Files.java:245) ~[com.google.guava_15.0.0.v201403281430.jar:na]
	at com.google.common.io.Files$FileByteSink.openStream(Files.java:233) ~[com.google.guava_15.0.0.v201403281430.jar:na]
	at com.google.common.io.ByteSink$AsCharSink.openStream(ByteSink.java:158) ~[com.google.guava_15.0.0.v201403281430.jar:na]
	at com.google.common.io.CharSource.copyTo(CharSource.java:138) ~[com.google.guava_15.0.0.v201403281430.jar:na]
	at com.gradleware.tooling.toolingutils.distribution.PublishedGradleVersions.storeCacheVersionsFile(PublishedGradleVersions.java:194) [com.gradleware.tooling.utils_0.19.3.v20170801075239.jar:na]
	at com.gradleware.tooling.toolingutils.distribution.PublishedGradleVersions.tryToDownloadAndCacheVersions(PublishedGradleVersions.java:160) [com.gradleware.tooling.utils_0.19.3.v20170801075239.jar:na]
	at com.gradleware.tooling.toolingutils.distribution.PublishedGradleVersions.tryToUpdateOutdatedVersionsFile(PublishedGradleVersions.java:143) [com.gradleware.tooling.utils_0.19.3.v20170801075239.jar:na]
	at com.gradleware.tooling.toolingutils.distribution.PublishedGradleVersions.create(PublishedGradleVersions.java:127) [com.gradleware.tooling.utils_0.19.3.v20170801075239.jar:na]
	at org.eclipse.buildship.core.util.gradle.PublishedGradleVersionsWrapper$LoadVersionsJob.run(PublishedGradleVersionsWrapper.java:66) [org.eclipse.buildship.core_2.1.2.v20170807-1324.jar:na]
	at org.eclipse.core.internal.jobs.Worker.run(Worker.java:56) [org.eclipse.core.jobs_3.9.2.v20171030-1027.jar:na]
2018-06-05 17:44:25,641 [Worker-24] INFO  c.g.t.t.d.PublishedGradleVersions - Gradle version information cache is out-of-date. Trying to update.
2018-06-05 17:44:25,832 [Worker-24] ERROR c.g.t.t.d.PublishedGradleVersions - Cannot write Gradle version information cache file.
java.io.FileNotFoundException: C:\Users\USER\.tooling\gradle\versions.json (액세스가 거부되었습니다)
	at java.io.FileOutputStream.open0(Native Method) ~[na:1.8.0_161]
	at java.io.FileOutputStream.open(FileOutputStream.java:270) ~[na:1.8.0_161]
	at java.io.FileOutputStream.<init>(FileOutputStream.java:213) ~[na:1.8.0_161]
	at com.google.common.io.Files$FileByteSink.openStream(Files.java:245) ~[com.google.guava_15.0.0.v201403281430.jar:na]
	at com.google.common.io.Files$FileByteSink.openStream(Files.java:233) ~[com.google.guava_15.0.0.v201403281430.jar:na]
	at com.google.common.io.ByteSink$AsCharSink.openStream(ByteSink.java:158) ~[com.google.guava_15.0.0.v201403281430.jar:na]
	at com.google.common.io.CharSource.copyTo(CharSource.java:138) ~[com.google.guava_15.0.0.v201403281430.jar:na]
	at com.gradleware.tooling.toolingutils.distribution.PublishedGradleVersions.storeCacheVersionsFile(PublishedGradleVersions.java:194) [com.gradleware.tooling.utils_0.19.3.v20170801075239.jar:na]
	at com.gradleware.tooling.toolingutils.distribution.PublishedGradleVersions.tryToDownloadAndCacheVersions(PublishedGradleVersions.java:160) [com.gradleware.tooling.utils_0.19.3.v20170801075239.jar:na]
	at com.gradleware.tooling.toolingutils.distribution.PublishedGradleVersions.tryToUpdateOutdatedVersionsFile(PublishedGradleVersions.java:143) [com.gradleware.tooling.utils_0.19.3.v20170801075239.jar:na]
	at com.gradleware.tooling.toolingutils.distribution.PublishedGradleVersions.create(PublishedGradleVersions.java:127) [com.gradleware.tooling.utils_0.19.3.v20170801075239.jar:na]
	at org.eclipse.buildship.core.util.gradle.PublishedGradleVersionsWrapper$LoadVersionsJob.run(PublishedGradleVersionsWrapper.java:66) [org.eclipse.buildship.core_2.1.2.v20170807-1324.jar:na]
	at org.eclipse.core.internal.jobs.Worker.run(Worker.java:56) [org.eclipse.core.jobs_3.9.2.v20171030-1027.jar:na]
2018-06-05 17:58:26,553 [Worker-5] INFO  c.g.t.t.d.PublishedGradleVersions - Gradle version information cache is out-of-date. Trying to update.
2018-06-05 17:58:26,730 [Worker-5] ERROR c.g.t.t.d.PublishedGradleVersions - Cannot write Gradle version information cache file.
java.io.FileNotFoundException: C:\Users\USER\.tooling\gradle\versions.json (액세스가 거부되었습니다)
	at java.io.FileOutputStream.open0(Native Method) ~[na:1.8.0_161]
	at java.io.FileOutputStream.open(FileOutputStream.java:270) ~[na:1.8.0_161]
	at java.io.FileOutputStream.<init>(FileOutputStream.java:213) ~[na:1.8.0_161]
	at com.google.common.io.Files$FileByteSink.openStream(Files.java:245) ~[com.google.guava_15.0.0.v201403281430.jar:na]
	at com.google.common.io.Files$FileByteSink.openStream(Files.java:233) ~[com.google.guava_15.0.0.v201403281430.jar:na]
	at com.google.common.io.ByteSink$AsCharSink.openStream(ByteSink.java:158) ~[com.google.guava_15.0.0.v201403281430.jar:na]
	at com.google.common.io.CharSource.copyTo(CharSource.java:138) ~[com.google.guava_15.0.0.v201403281430.jar:na]
	at com.gradleware.tooling.toolingutils.distribution.PublishedGradleVersions.storeCacheVersionsFile(PublishedGradleVersions.java:194) [com.gradleware.tooling.utils_0.19.3.v20170801075239.jar:na]
	at com.gradleware.tooling.toolingutils.distribution.PublishedGradleVersions.tryToDownloadAndCacheVersions(PublishedGradleVersions.java:160) [com.gradleware.tooling.utils_0.19.3.v20170801075239.jar:na]
	at com.gradleware.tooling.toolingutils.distribution.PublishedGradleVersions.tryToUpdateOutdatedVersionsFile(PublishedGradleVersions.java:143) [com.gradleware.tooling.utils_0.19.3.v20170801075239.jar:na]
	at com.gradleware.tooling.toolingutils.distribution.PublishedGradleVersions.create(PublishedGradleVersions.java:127) [com.gradleware.tooling.utils_0.19.3.v20170801075239.jar:na]
	at org.eclipse.buildship.core.util.gradle.PublishedGradleVersionsWrapper$LoadVersionsJob.run(PublishedGradleVersionsWrapper.java:66) [org.eclipse.buildship.core_2.1.2.v20170807-1324.jar:na]
	at org.eclipse.core.internal.jobs.Worker.run(Worker.java:56) [org.eclipse.core.jobs_3.9.2.v20171030-1027.jar:na]
2018-06-05 18:05:13,864 [Worker-5] INFO  c.g.t.t.d.PublishedGradleVersions - Gradle version information cache is out-of-date. Trying to update.
2018-06-05 18:05:14,490 [Worker-5] ERROR c.g.t.t.d.PublishedGradleVersions - Cannot write Gradle version information cache file.
java.io.FileNotFoundException: C:\Users\USER\.tooling\gradle\versions.json (액세스가 거부되었습니다)
	at java.io.FileOutputStream.open0(Native Method) ~[na:1.8.0_161]
	at java.io.FileOutputStream.open(FileOutputStream.java:270) ~[na:1.8.0_161]
	at java.io.FileOutputStream.<init>(FileOutputStream.java:213) ~[na:1.8.0_161]
	at com.google.common.io.Files$FileByteSink.openStream(Files.java:245) ~[com.google.guava_15.0.0.v201403281430.jar:na]
	at com.google.common.io.Files$FileByteSink.openStream(Files.java:233) ~[com.google.guava_15.0.0.v201403281430.jar:na]
	at com.google.common.io.ByteSink$AsCharSink.openStream(ByteSink.java:158) ~[com.google.guava_15.0.0.v201403281430.jar:na]
	at com.google.common.io.CharSource.copyTo(CharSource.java:138) ~[com.google.guava_15.0.0.v201403281430.jar:na]
	at com.gradleware.tooling.toolingutils.distribution.PublishedGradleVersions.storeCacheVersionsFile(PublishedGradleVersions.java:194) [com.gradleware.tooling.utils_0.19.3.v20170801075239.jar:na]
	at com.gradleware.tooling.toolingutils.distribution.PublishedGradleVersions.tryToDownloadAndCacheVersions(PublishedGradleVersions.java:160) [com.gradleware.tooling.utils_0.19.3.v20170801075239.jar:na]
	at com.gradleware.tooling.toolingutils.distribution.PublishedGradleVersions.tryToUpdateOutdatedVersionsFile(PublishedGradleVersions.java:143) [com.gradleware.tooling.utils_0.19.3.v20170801075239.jar:na]
	at com.gradleware.tooling.toolingutils.distribution.PublishedGradleVersions.create(PublishedGradleVersions.java:127) [com.gradleware.tooling.utils_0.19.3.v20170801075239.jar:na]
	at org.eclipse.buildship.core.util.gradle.PublishedGradleVersionsWrapper$LoadVersionsJob.run(PublishedGradleVersionsWrapper.java:66) [org.eclipse.buildship.core_2.1.2.v20170807-1324.jar:na]
	at org.eclipse.core.internal.jobs.Worker.run(Worker.java:56) [org.eclipse.core.jobs_3.9.2.v20171030-1027.jar:na]
2018-06-05 18:06:45,106 [Worker-1] INFO  c.g.t.t.d.PublishedGradleVersions - Gradle version information cache is out-of-date. Trying to update.
2018-06-05 18:06:45,691 [Worker-1] ERROR c.g.t.t.d.PublishedGradleVersions - Cannot write Gradle version information cache file.
java.io.FileNotFoundException: C:\Users\USER\.tooling\gradle\versions.json (액세스가 거부되었습니다)
	at java.io.FileOutputStream.open0(Native Method) ~[na:1.8.0_161]
	at java.io.FileOutputStream.open(FileOutputStream.java:270) ~[na:1.8.0_161]
	at java.io.FileOutputStream.<init>(FileOutputStream.java:213) ~[na:1.8.0_161]
	at com.google.common.io.Files$FileByteSink.openStream(Files.java:245) ~[com.google.guava_15.0.0.v201403281430.jar:na]
	at com.google.common.io.Files$FileByteSink.openStream(Files.java:233) ~[com.google.guava_15.0.0.v201403281430.jar:na]
	at com.google.common.io.ByteSink$AsCharSink.openStream(ByteSink.java:158) ~[com.google.guava_15.0.0.v201403281430.jar:na]
	at com.google.common.io.CharSource.copyTo(CharSource.java:138) ~[com.google.guava_15.0.0.v201403281430.jar:na]
	at com.gradleware.tooling.toolingutils.distribution.PublishedGradleVersions.storeCacheVersionsFile(PublishedGradleVersions.java:194) [com.gradleware.tooling.utils_0.19.3.v20170801075239.jar:na]
	at com.gradleware.tooling.toolingutils.distribution.PublishedGradleVersions.tryToDownloadAndCacheVersions(PublishedGradleVersions.java:160) [com.gradleware.tooling.utils_0.19.3.v20170801075239.jar:na]
	at com.gradleware.tooling.toolingutils.distribution.PublishedGradleVersions.tryToUpdateOutdatedVersionsFile(PublishedGradleVersions.java:143) [com.gradleware.tooling.utils_0.19.3.v20170801075239.jar:na]
	at com.gradleware.tooling.toolingutils.distribution.PublishedGradleVersions.create(PublishedGradleVersions.java:127) [com.gradleware.tooling.utils_0.19.3.v20170801075239.jar:na]
	at org.eclipse.buildship.core.util.gradle.PublishedGradleVersionsWrapper$LoadVersionsJob.run(PublishedGradleVersionsWrapper.java:66) [org.eclipse.buildship.core_2.1.2.v20170807-1324.jar:na]
	at org.eclipse.core.internal.jobs.Worker.run(Worker.java:56) [org.eclipse.core.jobs_3.9.2.v20171030-1027.jar:na]
2018-06-05 18:08:53,562 [Worker-5] INFO  c.g.t.t.d.PublishedGradleVersions - Gradle version information cache is out-of-date. Trying to update.
2018-06-05 18:08:53,986 [Worker-5] ERROR c.g.t.t.d.PublishedGradleVersions - Cannot write Gradle version information cache file.
java.io.FileNotFoundException: C:\Users\USER\.tooling\gradle\versions.json (액세스가 거부되었습니다)
	at java.io.FileOutputStream.open0(Native Method) ~[na:1.8.0_161]
	at java.io.FileOutputStream.open(FileOutputStream.java:270) ~[na:1.8.0_161]
	at java.io.FileOutputStream.<init>(FileOutputStream.java:213) ~[na:1.8.0_161]
	at com.google.common.io.Files$FileByteSink.openStream(Files.java:245) ~[com.google.guava_15.0.0.v201403281430.jar:na]
	at com.google.common.io.Files$FileByteSink.openStream(Files.java:233) ~[com.google.guava_15.0.0.v201403281430.jar:na]
	at com.google.common.io.ByteSink$AsCharSink.openStream(ByteSink.java:158) ~[com.google.guava_15.0.0.v201403281430.jar:na]
	at com.google.common.io.CharSource.copyTo(CharSource.java:138) ~[com.google.guava_15.0.0.v201403281430.jar:na]
	at com.gradleware.tooling.toolingutils.distribution.PublishedGradleVersions.storeCacheVersionsFile(PublishedGradleVersions.java:194) [com.gradleware.tooling.utils_0.19.3.v20170801075239.jar:na]
	at com.gradleware.tooling.toolingutils.distribution.PublishedGradleVersions.tryToDownloadAndCacheVersions(PublishedGradleVersions.java:160) [com.gradleware.tooling.utils_0.19.3.v20170801075239.jar:na]
	at com.gradleware.tooling.toolingutils.distribution.PublishedGradleVersions.tryToUpdateOutdatedVersionsFile(PublishedGradleVersions.java:143) [com.gradleware.tooling.utils_0.19.3.v20170801075239.jar:na]
	at com.gradleware.tooling.toolingutils.distribution.PublishedGradleVersions.create(PublishedGradleVersions.java:127) [com.gradleware.tooling.utils_0.19.3.v20170801075239.jar:na]
	at org.eclipse.buildship.core.util.gradle.PublishedGradleVersionsWrapper$LoadVersionsJob.run(PublishedGradleVersionsWrapper.java:66) [org.eclipse.buildship.core_2.1.2.v20170807-1324.jar:na]
	at org.eclipse.core.internal.jobs.Worker.run(Worker.java:56) [org.eclipse.core.jobs_3.9.2.v20171030-1027.jar:na]
2018-06-09 13:22:51,640 [Worker-1] INFO  c.g.t.t.d.PublishedGradleVersions - Gradle version information cache is out-of-date. Trying to update.
2018-06-09 13:22:52,364 [Worker-1] ERROR c.g.t.t.d.PublishedGradleVersions - Cannot write Gradle version information cache file.
java.io.FileNotFoundException: C:\Users\USER\.tooling\gradle\versions.json (액세스가 거부되었습니다)
	at java.io.FileOutputStream.open0(Native Method) ~[na:1.8.0_161]
	at java.io.FileOutputStream.open(FileOutputStream.java:270) ~[na:1.8.0_161]
	at java.io.FileOutputStream.<init>(FileOutputStream.java:213) ~[na:1.8.0_161]
	at com.google.common.io.Files$FileByteSink.openStream(Files.java:245) ~[com.google.guava_15.0.0.v201403281430.jar:na]
	at com.google.common.io.Files$FileByteSink.openStream(Files.java:233) ~[com.google.guava_15.0.0.v201403281430.jar:na]
	at com.google.common.io.ByteSink$AsCharSink.openStream(ByteSink.java:158) ~[com.google.guava_15.0.0.v201403281430.jar:na]
	at com.google.common.io.CharSource.copyTo(CharSource.java:138) ~[com.google.guava_15.0.0.v201403281430.jar:na]
	at com.gradleware.tooling.toolingutils.distribution.PublishedGradleVersions.storeCacheVersionsFile(PublishedGradleVersions.java:194) [com.gradleware.tooling.utils_0.19.3.v20170801075239.jar:na]
	at com.gradleware.tooling.toolingutils.distribution.PublishedGradleVersions.tryToDownloadAndCacheVersions(PublishedGradleVersions.java:160) [com.gradleware.tooling.utils_0.19.3.v20170801075239.jar:na]
	at com.gradleware.tooling.toolingutils.distribution.PublishedGradleVersions.tryToUpdateOutdatedVersionsFile(PublishedGradleVersions.java:143) [com.gradleware.tooling.utils_0.19.3.v20170801075239.jar:na]
	at com.gradleware.tooling.toolingutils.distribution.PublishedGradleVersions.create(PublishedGradleVersions.java:127) [com.gradleware.tooling.utils_0.19.3.v20170801075239.jar:na]
	at org.eclipse.buildship.core.util.gradle.PublishedGradleVersionsWrapper$LoadVersionsJob.run(PublishedGradleVersionsWrapper.java:66) [org.eclipse.buildship.core_2.1.2.v20170807-1324.jar:na]
	at org.eclipse.core.internal.jobs.Worker.run(Worker.java:56) [org.eclipse.core.jobs_3.9.2.v20171030-1027.jar:na]
2018-06-09 14:32:36,260 [Worker-4] INFO  c.g.t.t.d.PublishedGradleVersions - Gradle version information cache is out-of-date. Trying to update.
2018-06-09 14:32:36,782 [Worker-4] ERROR c.g.t.t.d.PublishedGradleVersions - Cannot write Gradle version information cache file.
java.io.FileNotFoundException: C:\Users\USER\.tooling\gradle\versions.json (액세스가 거부되었습니다)
	at java.io.FileOutputStream.open0(Native Method) ~[na:1.8.0_161]
	at java.io.FileOutputStream.open(FileOutputStream.java:270) ~[na:1.8.0_161]
	at java.io.FileOutputStream.<init>(FileOutputStream.java:213) ~[na:1.8.0_161]
	at com.google.common.io.Files$FileByteSink.openStream(Files.java:245) ~[com.google.guava_15.0.0.v201403281430.jar:na]
	at com.google.common.io.Files$FileByteSink.openStream(Files.java:233) ~[com.google.guava_15.0.0.v201403281430.jar:na]
	at com.google.common.io.ByteSink$AsCharSink.openStream(ByteSink.java:158) ~[com.google.guava_15.0.0.v201403281430.jar:na]
	at com.google.common.io.CharSource.copyTo(CharSource.java:138) ~[com.google.guava_15.0.0.v201403281430.jar:na]
	at com.gradleware.tooling.toolingutils.distribution.PublishedGradleVersions.storeCacheVersionsFile(PublishedGradleVersions.java:194) [com.gradleware.tooling.utils_0.19.3.v20170801075239.jar:na]
	at com.gradleware.tooling.toolingutils.distribution.PublishedGradleVersions.tryToDownloadAndCacheVersions(PublishedGradleVersions.java:160) [com.gradleware.tooling.utils_0.19.3.v20170801075239.jar:na]
	at com.gradleware.tooling.toolingutils.distribution.PublishedGradleVersions.tryToUpdateOutdatedVersionsFile(PublishedGradleVersions.java:143) [com.gradleware.tooling.utils_0.19.3.v20170801075239.jar:na]
	at com.gradleware.tooling.toolingutils.distribution.PublishedGradleVersions.create(PublishedGradleVersions.java:127) [com.gradleware.tooling.utils_0.19.3.v20170801075239.jar:na]
	at org.eclipse.buildship.core.util.gradle.PublishedGradleVersionsWrapper$LoadVersionsJob.run(PublishedGradleVersionsWrapper.java:66) [org.eclipse.buildship.core_2.1.2.v20170807-1324.jar:na]
	at org.eclipse.core.internal.jobs.Worker.run(Worker.java:56) [org.eclipse.core.jobs_3.9.2.v20171030-1027.jar:na]
2018-06-09 17:26:10,956 [Worker-4] INFO  c.g.t.t.d.PublishedGradleVersions - Gradle version information cache is out-of-date. Trying to update.
2018-06-09 17:26:11,073 [Worker-4] INFO  c.g.t.t.d.PublishedGradleVersions - Updating Gradle version information cache failed. Using outdated cache.
2018-06-09 19:36:40,646 [Worker-3] INFO  c.g.t.t.d.PublishedGradleVersions - Gradle version information cache is out-of-date. Trying to update.
2018-06-09 19:36:41,185 [Worker-3] ERROR c.g.t.t.d.PublishedGradleVersions - Cannot write Gradle version information cache file.
java.io.FileNotFoundException: C:\Users\USER\.tooling\gradle\versions.json (액세스가 거부되었습니다)
	at java.io.FileOutputStream.open0(Native Method) ~[na:1.8.0_161]
	at java.io.FileOutputStream.open(FileOutputStream.java:270) ~[na:1.8.0_161]
	at java.io.FileOutputStream.<init>(FileOutputStream.java:213) ~[na:1.8.0_161]
	at com.google.common.io.Files$FileByteSink.openStream(Files.java:245) ~[com.google.guava_15.0.0.v201403281430.jar:na]
	at com.google.common.io.Files$FileByteSink.openStream(Files.java:233) ~[com.google.guava_15.0.0.v201403281430.jar:na]
	at com.google.common.io.ByteSink$AsCharSink.openStream(ByteSink.java:158) ~[com.google.guava_15.0.0.v201403281430.jar:na]
	at com.google.common.io.CharSource.copyTo(CharSource.java:138) ~[com.google.guava_15.0.0.v201403281430.jar:na]
	at com.gradleware.tooling.toolingutils.distribution.PublishedGradleVersions.storeCacheVersionsFile(PublishedGradleVersions.java:194) [com.gradleware.tooling.utils_0.19.3.v20170801075239.jar:na]
	at com.gradleware.tooling.toolingutils.distribution.PublishedGradleVersions.tryToDownloadAndCacheVersions(PublishedGradleVersions.java:160) [com.gradleware.tooling.utils_0.19.3.v20170801075239.jar:na]
	at com.gradleware.tooling.toolingutils.distribution.PublishedGradleVersions.tryToUpdateOutdatedVersionsFile(PublishedGradleVersions.java:143) [com.gradleware.tooling.utils_0.19.3.v20170801075239.jar:na]
	at com.gradleware.tooling.toolingutils.distribution.PublishedGradleVersions.create(PublishedGradleVersions.java:127) [com.gradleware.tooling.utils_0.19.3.v20170801075239.jar:na]
	at org.eclipse.buildship.core.util.gradle.PublishedGradleVersionsWrapper$LoadVersionsJob.run(PublishedGradleVersionsWrapper.java:66) [org.eclipse.buildship.core_2.1.2.v20170807-1324.jar:na]
	at org.eclipse.core.internal.jobs.Worker.run(Worker.java:56) [org.eclipse.core.jobs_3.9.2.v20171030-1027.jar:na]
2018-06-09 21:14:12,941 [Worker-3] INFO  c.g.t.t.d.PublishedGradleVersions - Gradle version information cache is out-of-date. Trying to update.
2018-06-09 21:14:13,626 [Worker-3] ERROR c.g.t.t.d.PublishedGradleVersions - Cannot write Gradle version information cache file.
java.io.FileNotFoundException: C:\Users\USER\.tooling\gradle\versions.json (액세스가 거부되었습니다)
	at java.io.FileOutputStream.open0(Native Method) ~[na:1.8.0_161]
	at java.io.FileOutputStream.open(FileOutputStream.java:270) ~[na:1.8.0_161]
	at java.io.FileOutputStream.<init>(FileOutputStream.java:213) ~[na:1.8.0_161]
	at com.google.common.io.Files$FileByteSink.openStream(Files.java:245) ~[com.google.guava_15.0.0.v201403281430.jar:na]
	at com.google.common.io.Files$FileByteSink.openStream(Files.java:233) ~[com.google.guava_15.0.0.v201403281430.jar:na]
	at com.google.common.io.ByteSink$AsCharSink.openStream(ByteSink.java:158) ~[com.google.guava_15.0.0.v201403281430.jar:na]
	at com.google.common.io.CharSource.copyTo(CharSource.java:138) ~[com.google.guava_15.0.0.v201403281430.jar:na]
	at com.gradleware.tooling.toolingutils.distribution.PublishedGradleVersions.storeCacheVersionsFile(PublishedGradleVersions.java:194) [com.gradleware.tooling.utils_0.19.3.v20170801075239.jar:na]
	at com.gradleware.tooling.toolingutils.distribution.PublishedGradleVersions.tryToDownloadAndCacheVersions(PublishedGradleVersions.java:160) [com.gradleware.tooling.utils_0.19.3.v20170801075239.jar:na]
	at com.gradleware.tooling.toolingutils.distribution.PublishedGradleVersions.tryToUpdateOutdatedVersionsFile(PublishedGradleVersions.java:143) [com.gradleware.tooling.utils_0.19.3.v20170801075239.jar:na]
	at com.gradleware.tooling.toolingutils.distribution.PublishedGradleVersions.create(PublishedGradleVersions.java:127) [com.gradleware.tooling.utils_0.19.3.v20170801075239.jar:na]
	at org.eclipse.buildship.core.util.gradle.PublishedGradleVersionsWrapper$LoadVersionsJob.run(PublishedGradleVersionsWrapper.java:66) [org.eclipse.buildship.core_2.1.2.v20170807-1324.jar:na]
	at org.eclipse.core.internal.jobs.Worker.run(Worker.java:56) [org.eclipse.core.jobs_3.9.2.v20171030-1027.jar:na]
2018-09-19 17:43:56,913 [Worker-1] INFO  c.g.t.t.d.PublishedGradleVersions - Gradle version information cache is out-of-date. Trying to update.
2018-09-19 17:44:12,048 [Worker-1] INFO  c.g.t.t.d.PublishedGradleVersions - Updating Gradle version information cache failed. Using outdated cache.
